::1 - - [26/Jul/2019:10:20:33 -0300] "GET / HTTP/1.1" 403 209
::1 - - [26/Jul/2019:10:20:41 -0300] "GET / HTTP/1.1" 403 209
::1 - - [26/Jul/2019:10:22:35 -0300] "GET / HTTP/1.1" 403 209
::1 - - [26/Jul/2019:10:22:38 -0300] "GET / HTTP/1.1" 403 209
::1 - - [26/Jul/2019:10:23:05 -0300] "GET / HTTP/1.1" 403 209
::1 - - [26/Jul/2019:10:24:07 -0300] "GET / HTTP/1.1" 403 209
::1 - - [26/Jul/2019:10:30:47 -0300] "GET / HTTP/1.1" 200 393
::1 - - [26/Jul/2019:10:30:49 -0300] "GET /helloworld.py HTTP/1.1" 304 -
::1 - - [26/Jul/2019:10:30:51 -0300] "GET /cgi-bin/ HTTP/1.1" 403 217
::1 - - [26/Jul/2019:10:32:20 -0300] "GET / HTTP/1.1" 200 393
::1 - - [26/Jul/2019:10:32:20 -0300] "GET /favicon.ico HTTP/1.1" 404 209
::1 - - [26/Jul/2019:10:36:53 -0300] "GET / HTTP/1.1" 200 393
::1 - - [26/Jul/2019:10:36:53 -0300] "GET /favicon.ico HTTP/1.1" 404 209
::1 - - [26/Jul/2019:10:36:55 -0300] "GET /helloworld.py HTTP/1.1" 200 82
::1 - - [26/Jul/2019:10:37:07 -0300] "GET /cgi-bin/ HTTP/1.1" 403 217
::1 - - [26/Jul/2019:10:45:38 -0300] "GET / HTTP/1.1" 200 395
::1 - - [26/Jul/2019:10:45:38 -0300] "GET /favicon.ico HTTP/1.1" 404 209
::1 - - [26/Jul/2019:10:45:40 -0300] "GET /wsgi-bin/ HTTP/1.1" 200 272
::1 - - [26/Jul/2019:10:45:42 -0300] "GET /wsgi-bin/helloworld.py HTTP/1.1" 200 33
::1 - - [26/Jul/2019:10:45:58 -0300] "GET /wsgi-bin/helloworld.py HTTP/1.1" 200 84
::1 - - [26/Jul/2019:10:46:00 -0300] "GET /wsgi-bin/helloworld.py HTTP/1.1" 304 -
::1 - - [26/Jul/2019:11:00:47 -0300] "GET /wsgi-bin/helloworld.py HTTP/1.1" 304 -
::1 - - [26/Jul/2019:11:00:52 -0300] "GET /wsgi-bin/ HTTP/1.1" 200 272
::1 - - [26/Jul/2019:11:00:57 -0300] "GET / HTTP/1.1" 200 395
::1 - - [26/Jul/2019:11:00:58 -0300] "GET /helloworld.py HTTP/1.1" 200 84
::1 - - [26/Jul/2019:11:13:33 -0300] "GET / HTTP/1.1" 200 395
::1 - - [26/Jul/2019:11:13:41 -0300] "GET /helloworld.py HTTP/1.1" 304 -
::1 - - [26/Jul/2019:11:14:34 -0300] "GET / HTTP/1.1" 200 395
::1 - - [26/Jul/2019:11:14:38 -0300] "GET /wsgi-bin/ HTTP/1.1" 200 272
::1 - - [26/Jul/2019:11:14:39 -0300] "GET /wsgi-bin/helloworld.py HTTP/1.1" 304 -
::1 - - [26/Jul/2019:11:47:24 -0300] "GET / HTTP/1.1" 200 395
::1 - - [26/Jul/2019:11:47:25 -0300] "GET /favicon.ico HTTP/1.1" 404 209
::1 - - [26/Jul/2019:11:47:28 -0300] "GET /helloworld.py HTTP/1.1" 304 -
::1 - - [26/Jul/2019:11:47:32 -0300] "GET /wsgi-bin/ HTTP/1.1" 200 272
::1 - - [26/Jul/2019:11:47:33 -0300] "GET /wsgi-bin/helloworld.py HTTP/1.1" 304 -
::1 - - [26/Jul/2019:12:19:30 -0300] "GET / HTTP/1.1" 200 395
::1 - - [26/Jul/2019:12:19:30 -0300] "GET /favicon.ico HTTP/1.1" 404 209
::1 - - [26/Jul/2019:12:19:32 -0300] "GET /helloworld.py HTTP/1.1" 304 -
::1 - - [26/Jul/2019:12:22:38 -0300] "GET / HTTP/1.1" 200 395
::1 - - [26/Jul/2019:12:22:38 -0300] "GET /favicon.ico HTTP/1.1" 404 209
::1 - - [26/Jul/2019:12:22:40 -0300] "GET /wsgi-bin/ HTTP/1.1" 200 272
::1 - - [26/Jul/2019:12:22:42 -0300] "GET /wsgi-bin/helloworld.py HTTP/1.1" 200 246
::1 - - [26/Jul/2019:12:22:45 -0300] "GET /wsgi-bin/helloworld.py HTTP/1.1" 304 -
::1 - - [26/Jul/2019:12:27:28 -0300] "GET /wsgi-bin/helloworld.py HTTP/1.1" 304 -
::1 - - [26/Jul/2019:12:27:33 -0300] "GET /wsgi-bin/ HTTP/1.1" 200 272
::1 - - [26/Jul/2019:12:27:34 -0300] "GET / HTTP/1.1" 200 395
::1 - - [26/Jul/2019:12:27:43 -0300] "GET /wsgi-bin/ HTTP/1.1" 200 272
::1 - - [26/Jul/2019:12:28:38 -0300] "GET / HTTP/1.1" 200 395
::1 - - [26/Jul/2019:12:28:39 -0300] "GET /favicon.ico HTTP/1.1" 404 209
::1 - - [26/Jul/2019:12:28:51 -0300] "GET /wsgi-bin/ HTTP/1.1" 200 272
::1 - - [26/Jul/2019:12:28:52 -0300] "GET /wsgi-bin/helloworld.py HTTP/1.1" 304 -
::1 - - [26/Jul/2019:12:29:48 -0300] "GET /wsgi-bin/ HTTP/1.1" 404 207
::1 - - [26/Jul/2019:12:29:54 -0300] "GET / HTTP/1.1" 200 395
::1 - - [26/Jul/2019:12:29:56 -0300] "GET /wsgi-bin/ HTTP/1.1" 404 207
::1 - - [26/Jul/2019:12:37:03 -0300] "GET /wsgi-bin/ HTTP/1.1" 404 207
::1 - - [26/Jul/2019:12:37:07 -0300] "GET / HTTP/1.1" 200 395
::1 - - [26/Jul/2019:12:37:09 -0300] "GET /helloworld.py HTTP/1.1" 304 -
::1 - - [26/Jul/2019:12:46:22 -0300] "GET / HTTP/1.1" 200 443
::1 - - [26/Jul/2019:12:46:24 -0300] "GET /favicon.ico HTTP/1.1" 404 209
::1 - - [26/Jul/2019:12:46:24 -0300] "GET / HTTP/1.1" 200 443
::1 - - [26/Jul/2019:12:46:27 -0300] "GET /wsgi_app.py HTTP/1.1" 200 246
::1 - - [26/Jul/2019:12:46:46 -0300] "GET /wsgi-bin/ HTTP/1.1" 200 268
::1 - - [26/Jul/2019:12:46:47 -0300] "GET /wsgi-bin/wsgi_app.py HTTP/1.1" 200 246
::1 - - [26/Jul/2019:12:48:02 -0300] "GET / HTTP/1.1" 200 443
::1 - - [26/Jul/2019:12:48:02 -0300] "GET /favicon.ico HTTP/1.1" 404 209
::1 - - [26/Jul/2019:12:48:06 -0300] "GET /wsgi-bin/ HTTP/1.1" 200 272
::1 - - [26/Jul/2019:12:48:07 -0300] "GET /wsgi-bin/wsgi_app.wsgi HTTP/1.1" 200 246
::1 - - [26/Jul/2019:13:26:50 -0300] "GET /fabrica/public/ HTTP/1.1" 404 213
::1 - - [26/Jul/2019:13:26:50 -0300] "GET /favicon.ico HTTP/1.1" 404 209
::1 - - [26/Jul/2019:13:26:54 -0300] "GET /fabrica/public/ HTTP/1.1" 404 213
::1 - - [26/Jul/2019:13:27:30 -0300] "GET /fabrica/public/ HTTP/1.1" 404 213
::1 - - [26/Jul/2019:13:28:32 -0300] "GET /fabrica/public/ HTTP/1.1" 404 213
::1 - - [26/Jul/2019:13:28:32 -0300] "GET /favicon.ico HTTP/1.1" 404 209
::1 - - [26/Jul/2019:13:28:36 -0300] "GET /fabrica/public/ HTTP/1.1" 404 213
::1 - - [26/Jul/2019:13:28:39 -0300] "GET /fabrica HTTP/1.1" 404 205
::1 - - [26/Jul/2019:13:28:42 -0300] "GET /fabrica HTTP/1.1" 404 205
::1 - - [26/Jul/2019:13:28:46 -0300] "GET /fabrica/public/ HTTP/1.1" 404 213
::1 - - [26/Jul/2019:13:29:29 -0300] "GET /cgi-bin/ HTTP/1.1" 404 206
::1 - - [26/Jul/2019:13:29:31 -0300] "GET /cgi-bin/ HTTP/1.1" 404 206
::1 - - [26/Jul/2019:13:30:29 -0300] "-" 408 -
::1 - - [26/Jul/2019:13:31:11 -0300] "GET /cgi-bin/ HTTP/1.1" 404 206
::1 - - [26/Jul/2019:13:32:11 -0300] "-" 408 -
::1 - - [26/Jul/2019:13:41:27 -0300] "GET / HTTP/1.1" 200 399
::1 - - [26/Jul/2019:13:41:28 -0300] "GET /helloworld.py HTTP/1.1" 304 -
::1 - - [26/Jul/2019:13:41:32 -0300] "GET /wsgi_app.py HTTP/1.1" 304 -
::1 - - [26/Jul/2019:13:41:42 -0300] "GET / HTTP/1.1" 200 399
::1 - - [26/Jul/2019:13:41:45 -0300] "GET /wsgi-bin/wsgi_app.wsgi HTTP/1.1" 404 220
::1 - - [26/Jul/2019:13:42:03 -0300] "GET /wsgi-bin/ HTTP/1.1" 404 207
::1 - - [26/Jul/2019:13:42:05 -0300] "GET /wsgi-bin/ HTTP/1.1" 404 207
::1 - - [26/Jul/2019:13:43:03 -0300] "-" 408 -
::1 - - [26/Jul/2019:13:44:18 -0300] "GET /wsgi-bin/ HTTP/1.1" 404 207
::1 - - [26/Jul/2019:13:44:22 -0300] "GET / HTTP/1.1" 200 399
::1 - - [26/Jul/2019:13:45:29 -0300] "-" 408 -
::1 - - [26/Jul/2019:13:45:29 -0300] "-" 408 -
::1 - - [26/Jul/2019:13:45:30 -0300] "GET / HTTP/1.1" 200 399
::1 - - [26/Jul/2019:13:45:31 -0300] "GET /helloworld.pl HTTP/1.1" 200 84
::1 - - [26/Jul/2019:13:46:30 -0300] "-" 408 -
::1 - - [26/Jul/2019:13:47:51 -0300] "GET / HTTP/1.1" 200 441
::1 - - [26/Jul/2019:13:47:51 -0300] "GET /favicon.ico HTTP/1.1" 404 209
::1 - - [26/Jul/2019:13:47:53 -0300] "GET /cgi-bin/ HTTP/1.1" 200 318
::1 - - [26/Jul/2019:13:47:54 -0300] "GET /cgi-bin/wsgi_app.py HTTP/1.1" 304 -
::1 - - [26/Jul/2019:13:47:56 -0300] "GET /cgi-bin/helloworld.py HTTP/1.1" 304 -
::1 - - [26/Jul/2019:13:48:00 -0300] "GET /server.py HTTP/1.1" 304 -
::1 - - [26/Jul/2019:13:48:26 -0300] "GET /fabrica HTTP/1.1" 404 205
::1 - - [26/Jul/2019:13:48:29 -0300] "GET /fabrica HTTP/1.1" 404 205
::1 - - [26/Jul/2019:13:48:32 -0300] "GET /fabrica/ HTTP/1.1" 403 217
::1 - - [26/Jul/2019:13:48:33 -0300] "GET /fabrica/ HTTP/1.1" 403 217
::1 - - [26/Jul/2019:13:49:27 -0300] "-" 408 -
::1 - - [26/Jul/2019:13:52:14 -0300] "GET /fabrica1/ HTTP/1.1" 404 207
::1 - - [26/Jul/2019:13:52:18 -0300] "GET /fabrica/ HTTP/1.1" 403 217
::1 - - [26/Jul/2019:13:53:14 -0300] "-" 408 -
::1 - - [26/Jul/2019:13:54:23 -0300] "GET /fabrica/ HTTP/1.1" 403 217
::1 - - [26/Jul/2019:13:55:06 -0300] "GET /fabrica/ HTTP/1.1" 403 217
::1 - - [26/Jul/2019:13:55:09 -0300] "GET /fabrica/ HTTP/1.1" 403 217
::1 - - [26/Jul/2019:13:56:06 -0300] "-" 408 -
::1 - - [26/Jul/2019:13:59:27 -0300] "GET /fabrica/ HTTP/1.1" 403 217
::1 - - [26/Jul/2019:14:45:38 -0300] "GET /fabrica/ HTTP/1.1" 403 217
::1 - - [26/Jul/2019:14:49:26 -0300] "GET /fabrica/ HTTP/1.1" 403 217
::1 - - [26/Jul/2019:14:49:44 -0300] "GET /fabrica/ HTTP/1.1" 403 217
::1 - - [26/Jul/2019:14:49:47 -0300] "GET /fabrica HTTP/1.1" 301 238
::1 - - [26/Jul/2019:14:49:47 -0300] "GET /fabrica/ HTTP/1.1" 403 217
::1 - - [26/Jul/2019:14:52:06 -0300] "GET /fabrica/ HTTP/1.1" 403 217
::1 - - [26/Jul/2019:14:52:10 -0300] "GET /fabrica/ HTTP/1.1" 403 217
::1 - - [26/Jul/2019:14:52:13 -0300] "GET /fabrica/ HTTP/1.1" 403 217
::1 - - [26/Jul/2019:15:00:23 -0300] "GET / HTTP/1.1" 200 441
::1 - - [26/Jul/2019:15:00:31 -0300] "GET /hello.html HTTP/1.1" 304 -
::1 - - [26/Jul/2019:15:00:33 -0300] "GET /helloworld.py HTTP/1.1" 304 -
::1 - - [26/Jul/2019:15:00:36 -0300] "GET /index.ipynb HTTP/1.1" 304 -
::1 - - [26/Jul/2019:15:00:38 -0300] "GET /wsgi_app.py HTTP/1.1" 304 -
::1 - - [26/Jul/2019:15:00:59 -0300] "GET /cgi-bin/ HTTP/1.1" 200 318
::1 - - [26/Jul/2019:15:01:00 -0300] "GET /cgi-bin/helloworld.py HTTP/1.1" 304 -
::1 - - [26/Jul/2019:15:01:02 -0300] "GET /cgi-bin/wsgi_app.py HTTP/1.1" 304 -
::1 - - [26/Jul/2019:15:09:48 -0300] "GET / HTTP/1.1" 200 441
::1 - - [26/Jul/2019:15:11:07 -0300] "GET / HTTP/1.1" 200 441
::1 - - [26/Jul/2019:15:11:07 -0300] "GET /favicon.ico HTTP/1.1" 404 209
::1 - - [26/Jul/2019:15:11:18 -0300] "GET /cgi-bin/ HTTP/1.1" 200 318
::1 - - [26/Jul/2019:15:12:19 -0300] "GET /cgi-bin/ HTTP/1.1" 200 318
::1 - - [26/Jul/2019:15:12:19 -0300] "GET /favicon.ico HTTP/1.1" 404 209
::1 - - [26/Jul/2019:15:12:36 -0300] "GET / HTTP/1.1" 200 441
::1 - - [26/Jul/2019:15:12:36 -0300] "GET /favicon.ico HTTP/1.1" 404 209
::1 - - [26/Jul/2019:15:12:39 -0300] "GET / HTTP/1.1" 200 441
::1 - - [26/Jul/2019:15:12:48 -0300] "GET /cgi-bin/ HTTP/1.1" 200 318
::1 - - [26/Jul/2019:15:16:05 -0300] "GET /cgi-bin/wsgi_app.py HTTP/1.1" 500 530
::1 - - [26/Jul/2019:15:16:11 -0300] "GET / HTTP/1.1" 200 441
::1 - - [26/Jul/2019:15:16:16 -0300] "GET /cgi-bin/ HTTP/1.1" 200 318
::1 - - [26/Jul/2019:15:16:17 -0300] "GET /cgi-bin/wsgi_app.py HTTP/1.1" 500 530
::1 - - [26/Jul/2019:15:23:16 -0300] "GET / HTTP/1.1" 200 441
::1 - - [26/Jul/2019:15:23:16 -0300] "GET /favicon.ico HTTP/1.1" 404 209
::1 - - [26/Jul/2019:15:23:18 -0300] "GET / HTTP/1.1" 200 441
::1 - - [26/Jul/2019:15:26:33 -0300] "GET /helloworld.py HTTP/1.1" 500 530
::1 - - [26/Jul/2019:15:27:06 -0300] "GET /cgi-bin/ HTTP/1.1" 200 318
::1 - - [26/Jul/2019:15:27:07 -0300] "GET /cgi-bin/helloworld.py HTTP/1.1" 500 530
::1 - - [26/Jul/2019:15:27:10 -0300] "GET /cgi-bin/helloworld.py HTTP/1.1" 500 530
::1 - - [26/Jul/2019:15:27:12 -0300] "GET /cgi-bin/wsgi_app.py HTTP/1.1" 500 530
::1 - - [26/Jul/2019:15:28:11 -0300] "GET / HTTP/1.1" 200 441
::1 - - [26/Jul/2019:15:28:14 -0300] "GET /helloworld.py HTTP/1.1" 500 530
::1 - - [26/Jul/2019:15:29:39 -0300] "GET /helloworld.py HTTP/1.1" 500 530
::1 - - [26/Jul/2019:15:29:40 -0300] "GET /favicon.ico HTTP/1.1" 404 209
::1 - - [26/Jul/2019:15:29:44 -0300] "GET /helloworld.py HTTP/1.1" 500 530
::1 - - [26/Jul/2019:15:30:28 -0300] "GET /wsgi_app.py HTTP/1.1" 500 530
::1 - - [26/Jul/2019:15:31:13 -0300] "GET /helloworld.py HTTP/1.1" 500 530
::1 - - [26/Jul/2019:15:34:10 -0300] "GET /helloworld.py HTTP/1.1" 500 530
::1 - - [26/Jul/2019:15:34:10 -0300] "GET /favicon.ico HTTP/1.1" 404 209
::1 - - [26/Jul/2019:15:34:13 -0300] "GET / HTTP/1.1" 200 441
::1 - - [26/Jul/2019:15:34:15 -0300] "GET /helloworld.py HTTP/1.1" 500 530
::1 - - [26/Jul/2019:15:34:41 -0300] "GET /helloworld.py HTTP/1.1" 500 530
::1 - - [26/Jul/2019:15:36:47 -0300] "GET / HTTP/1.1" 200 441
::1 - - [26/Jul/2019:15:36:47 -0300] "GET /favicon.ico HTTP/1.1" 404 209
::1 - - [26/Jul/2019:15:36:50 -0300] "GET /helloworld.py HTTP/1.1" 500 530
::1 - - [26/Jul/2019:15:42:03 -0300] "GET /fabrica/public/helloworld.py HTTP/1.1" 404 226
::1 - - [26/Jul/2019:15:42:08 -0300] "GET /fabrica/ HTTP/1.1" 403 217
::1 - - [26/Jul/2019:15:42:09 -0300] "GET / HTTP/1.1" 200 441
::1 - - [26/Jul/2019:15:42:12 -0300] "GET /helloworld.py HTTP/1.1" 500 530
::1 - - [26/Jul/2019:15:42:18 -0300] "GET /cgi-bin/ HTTP/1.1" 200 318
::1 - - [26/Jul/2019:15:42:19 -0300] "GET /cgi-bin/helloworld.py HTTP/1.1" 500 530
::1 - - [26/Jul/2019:15:43:00 -0300] "GET / HTTP/1.1" 200 441
::1 - - [26/Jul/2019:15:43:02 -0300] "GET /wsgi_app.py HTTP/1.1" 500 530
::1 - - [26/Jul/2019:15:43:20 -0300] "GET /cgi-bin/ HTTP/1.1" 200 318
::1 - - [26/Jul/2019:15:43:21 -0300] "GET /helloworld.py HTTP/1.1" 500 530
::1 - - [26/Jul/2019:15:46:56 -0300] "GET /helloworld.py HTTP/1.1" 500 530
::1 - - [26/Jul/2019:15:46:56 -0300] "GET /favicon.ico HTTP/1.1" 404 209
::1 - - [26/Jul/2019:15:46:59 -0300] "GET /helloworld.py HTTP/1.1" 500 530
::1 - - [26/Jul/2019:15:47:07 -0300] "GET /helloworld.py HTTP/1.1" 500 530
::1 - - [26/Jul/2019:15:47:25 -0300] "GET /wsgi_app.py HTTP/1.1" 500 530
::1 - - [26/Jul/2019:15:48:01 -0300] "GET /wsgi_app.py HTTP/1.1" 500 530
::1 - - [26/Jul/2019:15:48:04 -0300] "GET /helloworld.py HTTP/1.1" 500 530
::1 - - [26/Jul/2019:15:49:36 -0300] "GET /helloworld.py HTTP/1.1" 500 530
::1 - - [26/Jul/2019:15:49:39 -0300] "GET /helloworld.py HTTP/1.1" 500 530
::1 - - [26/Jul/2019:15:52:31 -0300] "GET /helloworld.py HTTP/1.1" 500 530
::1 - - [26/Jul/2019:15:52:34 -0300] "GET /helloworld.py HTTP/1.1" 500 530
::1 - - [26/Jul/2019:15:52:34 -0300] "GET /favicon.ico HTTP/1.1" 404 209
::1 - - [26/Jul/2019:15:52:39 -0300] "GET / HTTP/1.1" 200 441
::1 - - [26/Jul/2019:15:52:40 -0300] "GET /helloworld.py HTTP/1.1" 500 530
::1 - - [26/Jul/2019:15:53:35 -0300] "GET /helloworld.py HTTP/1.1" 200 55
::1 - - [26/Jul/2019:15:53:36 -0300] "GET /favicon.ico HTTP/1.1" 404 209
::1 - - [26/Jul/2019:15:54:13 -0300] "GET /wsgi_app.py HTTP/1.1" 500 530
::1 - - [26/Jul/2019:15:54:25 -0300] "GET /wsgi_app.py HTTP/1.1" 500 530
::1 - - [26/Jul/2019:15:54:25 -0300] "GET /favicon.ico HTTP/1.1" 404 209
::1 - - [26/Jul/2019:15:54:43 -0300] "GET /wsgi_app.py HTTP/1.1" 500 530
::1 - - [26/Jul/2019:15:54:44 -0300] "GET /favicon.ico HTTP/1.1" 404 209
::1 - - [26/Jul/2019:15:57:14 -0300] "GET /wsgi_app.py HTTP/1.1" 500 530
::1 - - [26/Jul/2019:16:00:32 -0300] "GET / HTTP/1.1" 200 441
::1 - - [26/Jul/2019:16:00:33 -0300] "GET /helloworld.py HTTP/1.1" 200 3144
::1 - - [26/Jul/2019:16:02:54 -0300] "GET /helloworld.py HTTP/1.1" 500 530
::1 - - [26/Jul/2019:16:02:59 -0300] "GET /helloworld.py HTTP/1.1" 500 530
::1 - - [26/Jul/2019:16:03:49 -0300] "GET /helloworld.py HTTP/1.1" 500 530
::1 - - [26/Jul/2019:16:03:53 -0300] "GET /helloworld.py HTTP/1.1" 500 530
::1 - - [26/Jul/2019:16:04:45 -0300] "GET /helloworld.py HTTP/1.1" 200 62
172.16.5.47 - - [26/Jul/2019:16:44:53 -0300] "GET / HTTP/1.1" 200 349
172.16.5.47 - - [26/Jul/2019:16:44:53 -0300] "GET /favicon.ico HTTP/1.1" 404 209
172.16.5.47 - - [26/Jul/2019:16:44:55 -0300] "GET /helloworld.py HTTP/1.1" 200 62
172.16.5.47 - - [26/Jul/2019:16:47:06 -0300] "GET / HTTP/1.1" 200 397
172.16.5.47 - - [26/Jul/2019:16:47:07 -0300] "GET /favicon.ico HTTP/1.1" 404 209
172.16.5.47 - - [26/Jul/2019:16:47:09 -0300] "GET /maykocosta/ HTTP/1.1" 200 276
172.16.5.47 - - [26/Jul/2019:16:47:11 -0300] "GET /maykocosta/helloworld.py HTTP/1.1" 200 62
172.16.5.115 - - [26/Jul/2019:16:49:47 -0300] "GET / HTTP/1.1" 200 397
172.16.5.115 - - [26/Jul/2019:16:49:47 -0300] "GET /favicon.ico HTTP/1.1" 404 209
172.16.5.115 - - [26/Jul/2019:16:49:54 -0300] "GET /helloworld.py HTTP/1.1" 200 62
172.16.5.115 - - [26/Jul/2019:16:51:45 -0300] "-" 408 -
172.16.5.115 - - [26/Jul/2019:16:51:45 -0300] "-" 408 -
::1 - - [26/Jul/2019:17:04:43 -0300] "GET / HTTP/1.1" 200 397
::1 - - [26/Jul/2019:17:04:46 -0300] "GET /favicon.ico HTTP/1.1" 404 209
::1 - - [26/Jul/2019:17:04:52 -0300] "GET /helloworld.py HTTP/1.1" 200 62
172.16.5.115 - - [26/Jul/2019:17:05:05 -0300] "GET / HTTP/1.1" 200 397
172.16.5.115 - - [26/Jul/2019:17:05:05 -0300] "GET /favicon.ico HTTP/1.1" 404 209
172.16.5.115 - - [26/Jul/2019:17:05:06 -0300] "GET /helloworld.py HTTP/1.1" 200 62
::1 - - [29/Jul/2019:09:19:32 -0300] "GET / HTTP/1.1" 200 397
::1 - - [29/Jul/2019:09:19:35 -0300] "GET /favicon.ico HTTP/1.1" 404 209
::1 - - [29/Jul/2019:09:19:37 -0300] "GET /helloworld.py HTTP/1.1" 200 62
::1 - - [29/Jul/2019:09:19:54 -0300] "GET /wsgi_app.py HTTP/1.1" 500 530
::1 - - [29/Jul/2019:10:17:04 -0300] "GET / HTTP/1.1" 200 397
::1 - - [29/Jul/2019:10:17:06 -0300] "GET /favicon.ico HTTP/1.1" 404 209
::1 - - [29/Jul/2019:10:17:08 -0300] "GET /helloworld.py HTTP/1.1" 200 62
::1 - - [29/Jul/2019:10:17:11 -0300] "GET /helloworld.py HTTP/1.1" 200 62
::1 - - [20/Jan/2020:15:35:00 -0300] "GET / HTTP/1.1" 200 397
::1 - - [20/Jan/2020:15:35:00 -0300] "GET /favicon.ico HTTP/1.1" 404 209
::1 - - [20/Jan/2020:15:35:02 -0300] "GET /cgi-bin/ HTTP/1.1" 200 218
::1 - - [20/Jan/2020:15:35:03 -0300] "GET / HTTP/1.1" 200 397
::1 - - [20/Jan/2020:15:35:04 -0300] "GET /hello.html HTTP/1.1" 200 165
::1 - - [20/Jan/2020:15:35:07 -0300] "GET /helloworld.py HTTP/1.1" 200 62
::1 - - [20/Jan/2020:15:35:09 -0300] "GET /maykocosta/ HTTP/1.1" 200 276
::1 - - [20/Jan/2020:15:35:10 -0300] "GET /maykocosta/helloworld.py HTTP/1.1" 200 62
::1 - - [20/Jan/2020:15:35:13 -0300] "GET /wsgi_app.py HTTP/1.1" 500 530
